finish construct LayerParameter 
[---------------------------------------------------------
LayerType:                   conv
in_channels:                 3
out_channels:                3
kernel_size:                 2
stride:                      2
pad:                         0
bias_term:                   50
lr_w:                        1
lr_b:                        0.1
weight_filler:               gaussian
bias_filler:                 constant
weight_filler_std:           0.01
bias_filler_constant_value:  0
---------------------------------------------------------]
 ***  weight = 
 [  [  [ 
 [ 1,1,1, ] 
,

 [ 1,1,1, ] 
,

 [ 1,1,1, ] 
,
 ],  [ 
 [ 1,1,1, ] 
,

 [ 1,1,1, ] 
,

 [ 1,1,1, ] 
,
 ],  ],  [  [ 
 [ 1,1,1, ] 
,

 [ 1,1,1, ] 
,

 [ 1,1,1, ] 
,
 ],  [ 
 [ 1,1,1, ] 
,

 [ 1,1,1, ] 
,

 [ 1,1,1, ] 
,
 ],  ],  ] 
 shape = [ 2,2,3,3 ] 
 ***  bottom = 
 [  [  [ 
 [ 0,0,0,0, ] 
,

 [ 0,0,0,0, ] 
,

 [ 0,0,0,0, ] 
,

 [ 0,0,0,0, ] 
,
 ],  [ 
 [ 1,1,1,1, ] 
,

 [ 1,1,1,1, ] 
,

 [ 1,1,1,1, ] 
,

 [ 1,1,1,1, ] 
,
 ],  [ 
 [ 2,2,2,2, ] 
,

 [ 2,2,2,2, ] 
,

 [ 2,2,2,2, ] 
,

 [ 2,2,2,2, ] 
,
 ],  ],  ] 
 shape = [ 1,3,4,4 ] 
start Forward  
 [  [  [ 
 [ 12,12, ] 
,

 [ 12,12, ] 
,
 ],  [ 
 [ 12,12, ] 
,

 [ 12,12, ] 
,
 ],  [ 
 [ 12,12, ] 
,

 [ 12,12, ] 
,
 ],  ],  ] 
